Configuring firewall rules for 192.168.56.101
Timestamp: Sat Nov  1 17:13:36 UTC 2025

=== Basic Firewall Configuration (Simulated) ===

1. Allow established/related connections:
   iptables -A INPUT -m state --state ESTABLISHED,RELATED -j ACCEPT

2. Allow SSH access (port 22):
   iptables -A INPUT -p tcp --dport 22 -j ACCEPT

3. Allow HTTP/HTTPS (ports 80, 443):
   iptables -A INPUT -p tcp --dport 80 -j ACCEPT
   iptables -A INPUT -p tcp --dport 443 -j ACCEPT

4. Rate limit ICMP (ping):
   iptables -A INPUT -p icmp -m limit --limit 1/second -j ACCEPT
   iptables -A INPUT -p icmp -j DROP

5. Drop invalid packets:
   iptables -A INPUT -m state --state INVALID -j DROP

6. Log and drop all other traffic:
   iptables -A INPUT -j LOG --log-prefix 'FW-DROP: ' --log-level 4
   iptables -A INPUT -j DROP

Status: Firewall rules configured successfully (simulation mode)

NOTE: In production, these rules would be applied with root privileges
      using: sudo iptables [commands]
